{
  "/Users/w/Dev/product-management/server/src/controller/productsControllers/index.ts": {
    "path": "/Users/w/Dev/product-management/server/src/controller/productsControllers/index.ts",
    "statementMap": {
      "0": {
        "start": { "line": 6, "column": 22 },
        "end": { "line": 6, "column": 58 }
      },
      "1": {
        "start": { "line": 10, "column": 2 },
        "end": { "line": 18, "column": null }
      },
      "2": {
        "start": { "line": 11, "column": 4 },
        "end": { "line": 17, "column": null }
      },
      "3": {
        "start": { "line": 12, "column": 31 },
        "end": { "line": 12, "column": null }
      },
      "4": {
        "start": { "line": 13, "column": 28 },
        "end": { "line": 13, "column": null }
      },
      "5": {
        "start": { "line": 14, "column": 6 },
        "end": { "line": 14, "column": null }
      },
      "6": {
        "start": { "line": 16, "column": 6 },
        "end": { "line": 16, "column": null }
      },
      "7": {
        "start": { "line": 20, "column": 4 },
        "end": { "line": 28, "column": null }
      },
      "8": {
        "start": { "line": 21, "column": 6 },
        "end": { "line": 27, "column": null }
      },
      "9": {
        "start": { "line": 22, "column": 25 },
        "end": { "line": 22, "column": null }
      },
      "10": {
        "start": { "line": 23, "column": 29 },
        "end": { "line": 23, "column": null }
      },
      "11": {
        "start": { "line": 24, "column": 8 },
        "end": { "line": 24, "column": null }
      },
      "12": {
        "start": { "line": 26, "column": 8 },
        "end": { "line": 26, "column": null }
      },
      "13": {
        "start": { "line": 30, "column": 4 },
        "end": { "line": 38, "column": null }
      },
      "14": {
        "start": { "line": 31, "column": 4 },
        "end": { "line": 37, "column": null }
      },
      "15": {
        "start": { "line": 32, "column": 17 },
        "end": { "line": 32, "column": null }
      },
      "16": {
        "start": { "line": 33, "column": 26 },
        "end": { "line": 33, "column": null }
      },
      "17": {
        "start": { "line": 34, "column": 6 },
        "end": { "line": 34, "column": null }
      },
      "18": {
        "start": { "line": 36, "column": 6 },
        "end": { "line": 36, "column": null }
      },
      "19": {
        "start": { "line": 40, "column": 6 },
        "end": { "line": 48, "column": null }
      },
      "20": {
        "start": { "line": 41, "column": 4 },
        "end": { "line": 47, "column": null }
      },
      "21": {
        "start": { "line": 42, "column": 20 },
        "end": { "line": 42, "column": null }
      },
      "22": {
        "start": { "line": 43, "column": 27 },
        "end": { "line": 43, "column": null }
      },
      "23": {
        "start": { "line": 44, "column": 6 },
        "end": { "line": 44, "column": null }
      },
      "24": {
        "start": { "line": 46, "column": 6 },
        "end": { "line": 46, "column": null }
      },
      "25": {
        "start": { "line": 50, "column": 8 },
        "end": { "line": 58, "column": null }
      },
      "26": {
        "start": { "line": 51, "column": 4 },
        "end": { "line": 57, "column": null }
      },
      "27": {
        "start": { "line": 52, "column": 27 },
        "end": { "line": 52, "column": null }
      },
      "28": {
        "start": { "line": 53, "column": 27 },
        "end": { "line": 53, "column": null }
      },
      "29": {
        "start": { "line": 54, "column": 6 },
        "end": { "line": 54, "column": null }
      },
      "30": {
        "start": { "line": 56, "column": 6 },
        "end": { "line": 56, "column": null }
      },
      "31": {
        "start": { "line": 7, "column": 4 },
        "end": { "line": 7, "column": null }
      }
    },
    "fnMap": {
      "0": {
        "name": "(anonymous_0)",
        "decl": {
          "start": { "line": 6, "column": 2 },
          "end": { "line": 6, "column": 22 }
        },
        "loc": {
          "start": { "line": 6, "column": 58 },
          "end": { "line": 8, "column": null }
        },
        "line": 6
      },
      "1": {
        "name": "(anonymous_1)",
        "decl": {
          "start": { "line": 10, "column": 18 },
          "end": { "line": 10, "column": 25 }
        },
        "loc": {
          "start": { "line": 10, "column": 57 },
          "end": { "line": 18, "column": null }
        },
        "line": 10
      },
      "2": {
        "name": "(anonymous_2)",
        "decl": {
          "start": { "line": 20, "column": 18 },
          "end": { "line": 20, "column": 25 }
        },
        "loc": {
          "start": { "line": 20, "column": 57 },
          "end": { "line": 28, "column": null }
        },
        "line": 20
      },
      "3": {
        "name": "(anonymous_3)",
        "decl": {
          "start": { "line": 30, "column": 18 },
          "end": { "line": 30, "column": 25 }
        },
        "loc": {
          "start": { "line": 30, "column": 57 },
          "end": { "line": 38, "column": null }
        },
        "line": 30
      },
      "4": {
        "name": "(anonymous_4)",
        "decl": {
          "start": { "line": 40, "column": 23 },
          "end": { "line": 40, "column": 30 }
        },
        "loc": {
          "start": { "line": 40, "column": 62 },
          "end": { "line": 48, "column": null }
        },
        "line": 40
      },
      "5": {
        "name": "(anonymous_5)",
        "decl": {
          "start": { "line": 50, "column": 26 },
          "end": { "line": 50, "column": 33 }
        },
        "loc": {
          "start": { "line": 50, "column": 65 },
          "end": { "line": 58, "column": null }
        },
        "line": 50
      }
    },
    "branchMap": {},
    "s": {
      "0": 5,
      "1": 5,
      "2": 1,
      "3": 1,
      "4": 1,
      "5": 1,
      "6": 0,
      "7": 5,
      "8": 1,
      "9": 1,
      "10": 1,
      "11": 1,
      "12": 0,
      "13": 5,
      "14": 1,
      "15": 1,
      "16": 1,
      "17": 1,
      "18": 0,
      "19": 5,
      "20": 1,
      "21": 1,
      "22": 1,
      "23": 1,
      "24": 0,
      "25": 5,
      "26": 1,
      "27": 1,
      "28": 1,
      "29": 1,
      "30": 0,
      "31": 5
    },
    "f": { "0": 5, "1": 1, "2": 1, "3": 1, "4": 1, "5": 1 },
    "b": {},
    "meta": {
      "lastBranch": 0,
      "lastFunction": 6,
      "lastStatement": 32,
      "seen": {
        "f:6:2:6:22": 0,
        "s:6:22:6:58": 0,
        "s:10:2:18:Infinity": 1,
        "f:10:18:10:25": 1,
        "s:11:4:17:Infinity": 2,
        "s:12:31:12:Infinity": 3,
        "s:13:28:13:Infinity": 4,
        "s:14:6:14:Infinity": 5,
        "s:16:6:16:Infinity": 6,
        "s:20:4:28:Infinity": 7,
        "f:20:18:20:25": 2,
        "s:21:6:27:Infinity": 8,
        "s:22:25:22:Infinity": 9,
        "s:23:29:23:Infinity": 10,
        "s:24:8:24:Infinity": 11,
        "s:26:8:26:Infinity": 12,
        "s:30:4:38:Infinity": 13,
        "f:30:18:30:25": 3,
        "s:31:4:37:Infinity": 14,
        "s:32:17:32:Infinity": 15,
        "s:33:26:33:Infinity": 16,
        "s:34:6:34:Infinity": 17,
        "s:36:6:36:Infinity": 18,
        "s:40:6:48:Infinity": 19,
        "f:40:23:40:30": 4,
        "s:41:4:47:Infinity": 20,
        "s:42:20:42:Infinity": 21,
        "s:43:27:43:Infinity": 22,
        "s:44:6:44:Infinity": 23,
        "s:46:6:46:Infinity": 24,
        "s:50:8:58:Infinity": 25,
        "f:50:26:50:33": 5,
        "s:51:4:57:Infinity": 26,
        "s:52:27:52:Infinity": 27,
        "s:53:27:53:Infinity": 28,
        "s:54:6:54:Infinity": 29,
        "s:56:6:56:Infinity": 30,
        "s:7:4:7:Infinity": 31
      }
    }
  },
  "/Users/w/Dev/product-management/server/src/repository/productsRepositories/index.ts": {
    "path": "/Users/w/Dev/product-management/server/src/repository/productsRepositories/index.ts",
    "statementMap": {
      "0": {
        "start": { "line": 3, "column": 4 },
        "end": { "line": 3, "column": null }
      },
      "1": {
        "start": { "line": 6, "column": 22 },
        "end": { "line": 6, "column": null }
      },
      "2": {
        "start": { "line": 6, "column": 51 },
        "end": { "line": 6, "column": 72 }
      },
      "3": {
        "start": { "line": 7, "column": 8 },
        "end": { "line": 12, "column": null }
      },
      "4": {
        "start": { "line": 8, "column": 12 },
        "end": { "line": 8, "column": null }
      },
      "5": {
        "start": { "line": 10, "column": 12 },
        "end": { "line": 10, "column": null }
      },
      "6": {
        "start": { "line": 11, "column": 12 },
        "end": { "line": 11, "column": null }
      },
      "7": {
        "start": { "line": 16, "column": 8 },
        "end": { "line": 16, "column": null }
      },
      "8": {
        "start": { "line": 16, "column": 66 },
        "end": { "line": 16, "column": 87 }
      },
      "9": {
        "start": { "line": 21, "column": 22 },
        "end": { "line": 21, "column": null }
      },
      "10": {
        "start": { "line": 21, "column": 51 },
        "end": { "line": 21, "column": 69 }
      },
      "11": {
        "start": { "line": 22, "column": 8 },
        "end": { "line": 24, "column": null }
      },
      "12": {
        "start": { "line": 23, "column": 12 },
        "end": { "line": 23, "column": null }
      },
      "13": {
        "start": { "line": 25, "column": 8 },
        "end": { "line": 30, "column": null }
      },
      "14": {
        "start": { "line": 26, "column": 12 },
        "end": { "line": 26, "column": null }
      },
      "15": {
        "start": { "line": 27, "column": 12 },
        "end": { "line": 27, "column": null }
      },
      "16": {
        "start": { "line": 29, "column": 12 },
        "end": { "line": 29, "column": null }
      },
      "17": {
        "start": { "line": 34, "column": 31 },
        "end": { "line": 34, "column": null }
      },
      "18": {
        "start": { "line": 35, "column": 24 },
        "end": { "line": 35, "column": null }
      },
      "19": {
        "start": { "line": 35, "column": 50 },
        "end": { "line": 35, "column": 143 }
      },
      "20": {
        "start": { "line": 36, "column": 8 },
        "end": { "line": 36, "column": null }
      },
      "21": {
        "start": { "line": 40, "column": 22 },
        "end": { "line": 40, "column": null }
      },
      "22": {
        "start": { "line": 40, "column": 51 },
        "end": { "line": 40, "column": 80 }
      },
      "23": {
        "start": { "line": 41, "column": 8 },
        "end": { "line": 43, "column": null }
      },
      "24": {
        "start": { "line": 42, "column": 12 },
        "end": { "line": 42, "column": null }
      },
      "25": {
        "start": { "line": 44, "column": 8 },
        "end": { "line": 44, "column": null }
      },
      "26": {
        "start": { "line": 45, "column": 8 },
        "end": { "line": 45, "column": null }
      },
      "27": {
        "start": { "line": 49, "column": 43 },
        "end": { "line": 49, "column": null }
      },
      "28": {
        "start": { "line": 50, "column": 8 },
        "end": { "line": 55, "column": null }
      },
      "29": {
        "start": { "line": 51, "column": 35 },
        "end": { "line": 51, "column": null }
      },
      "30": {
        "start": { "line": 52, "column": 12 },
        "end": { "line": 54, "column": null }
      },
      "31": {
        "start": { "line": 53, "column": 16 },
        "end": { "line": 53, "column": null }
      },
      "32": {
        "start": { "line": 56, "column": 8 },
        "end": { "line": 56, "column": null }
      }
    },
    "fnMap": {
      "0": {
        "name": "(anonymous_0)",
        "decl": {
          "start": { "line": 2, "column": 7 },
          "end": { "line": 2, "column": 13 }
        },
        "loc": {
          "start": { "line": 2, "column": 7 },
          "end": { "line": 3, "column": null }
        },
        "line": 2
      },
      "1": {
        "name": "(anonymous_1)",
        "decl": {
          "start": { "line": 5, "column": 10 },
          "end": { "line": 5, "column": 24 }
        },
        "loc": {
          "start": { "line": 5, "column": 60 },
          "end": { "line": 13, "column": null }
        },
        "line": 5
      },
      "2": {
        "name": "(anonymous_2)",
        "decl": {
          "start": { "line": 6, "column": 46 },
          "end": { "line": 6, "column": 51 }
        },
        "loc": {
          "start": { "line": 6, "column": 51 },
          "end": { "line": 6, "column": 72 }
        },
        "line": 6
      },
      "3": {
        "name": "(anonymous_3)",
        "decl": {
          "start": { "line": 15, "column": 10 },
          "end": { "line": 15, "column": 25 }
        },
        "loc": {
          "start": { "line": 15, "column": 62 },
          "end": { "line": 17, "column": null }
        },
        "line": 15
      },
      "4": {
        "name": "(anonymous_4)",
        "decl": {
          "start": { "line": 16, "column": 61 },
          "end": { "line": 16, "column": 66 }
        },
        "loc": {
          "start": { "line": 16, "column": 66 },
          "end": { "line": 16, "column": 87 }
        },
        "line": 16
      },
      "5": {
        "name": "(anonymous_5)",
        "decl": {
          "start": { "line": 20, "column": 10 },
          "end": { "line": 20, "column": 22 }
        },
        "loc": {
          "start": { "line": 20, "column": 59 },
          "end": { "line": 31, "column": null }
        },
        "line": 20
      },
      "6": {
        "name": "(anonymous_6)",
        "decl": {
          "start": { "line": 21, "column": 46 },
          "end": { "line": 21, "column": 51 }
        },
        "loc": {
          "start": { "line": 21, "column": 51 },
          "end": { "line": 21, "column": 69 }
        },
        "line": 21
      },
      "7": {
        "name": "(anonymous_7)",
        "decl": {
          "start": { "line": 33, "column": 10 },
          "end": { "line": 33, "column": 25 }
        },
        "loc": {
          "start": { "line": 33, "column": 60 },
          "end": { "line": 37, "column": null }
        },
        "line": 33
      },
      "8": {
        "name": "(anonymous_8)",
        "decl": {
          "start": { "line": 35, "column": 45 },
          "end": { "line": 35, "column": 50 }
        },
        "loc": {
          "start": { "line": 35, "column": 50 },
          "end": { "line": 35, "column": 143 }
        },
        "line": 35
      },
      "9": {
        "name": "(anonymous_9)",
        "decl": {
          "start": { "line": 39, "column": 10 },
          "end": { "line": 39, "column": 29 }
        },
        "loc": {
          "start": { "line": 39, "column": 91 },
          "end": { "line": 46, "column": null }
        },
        "line": 39
      },
      "10": {
        "name": "(anonymous_10)",
        "decl": {
          "start": { "line": 40, "column": 46 },
          "end": { "line": 40, "column": 51 }
        },
        "loc": {
          "start": { "line": 40, "column": 51 },
          "end": { "line": 40, "column": 80 }
        },
        "line": 40
      },
      "11": {
        "name": "(anonymous_11)",
        "decl": {
          "start": { "line": 48, "column": 10 },
          "end": { "line": 48, "column": 26 }
        },
        "loc": {
          "start": { "line": 48, "column": 94 },
          "end": { "line": 57, "column": null }
        },
        "line": 48
      }
    },
    "branchMap": {
      "0": {
        "loc": {
          "start": { "line": 7, "column": 8 },
          "end": { "line": 12, "column": null }
        },
        "type": "if",
        "locations": [
          {
            "start": { "line": 7, "column": 8 },
            "end": { "line": 12, "column": null }
          },
          {
            "start": { "line": 9, "column": 15 },
            "end": { "line": 12, "column": null }
          }
        ],
        "line": 7
      },
      "1": {
        "loc": {
          "start": { "line": 16, "column": 31 },
          "end": { "line": 16, "column": 104 }
        },
        "type": "cond-expr",
        "locations": [
          {
            "start": { "line": 16, "column": 40 },
            "end": { "line": 16, "column": 91 }
          },
          {
            "start": { "line": 16, "column": 91 },
            "end": { "line": 16, "column": 104 }
          }
        ],
        "line": 16
      },
      "2": {
        "loc": {
          "start": { "line": 22, "column": 8 },
          "end": { "line": 24, "column": null }
        },
        "type": "if",
        "locations": [
          {
            "start": { "line": 22, "column": 8 },
            "end": { "line": 24, "column": null }
          },
          { "start": {}, "end": {} }
        ],
        "line": 22
      },
      "3": {
        "loc": {
          "start": { "line": 25, "column": 8 },
          "end": { "line": 30, "column": null }
        },
        "type": "if",
        "locations": [
          {
            "start": { "line": 25, "column": 8 },
            "end": { "line": 30, "column": null }
          },
          {
            "start": { "line": 28, "column": 15 },
            "end": { "line": 30, "column": null }
          }
        ],
        "line": 25
      },
      "4": {
        "loc": {
          "start": { "line": 25, "column": 11 },
          "end": { "line": 25, "column": 74 }
        },
        "type": "binary-expr",
        "locations": [
          {
            "start": { "line": 25, "column": 11 },
            "end": { "line": 25, "column": 42 }
          },
          {
            "start": { "line": 25, "column": 42 },
            "end": { "line": 25, "column": 74 }
          }
        ],
        "line": 25
      },
      "5": {
        "loc": {
          "start": { "line": 35, "column": 50 },
          "end": { "line": 35, "column": 143 }
        },
        "type": "binary-expr",
        "locations": [
          {
            "start": { "line": 35, "column": 50 },
            "end": { "line": 35, "column": 99 }
          },
          {
            "start": { "line": 35, "column": 99 },
            "end": { "line": 35, "column": 143 }
          }
        ],
        "line": 35
      },
      "6": {
        "loc": {
          "start": { "line": 41, "column": 8 },
          "end": { "line": 43, "column": null }
        },
        "type": "if",
        "locations": [
          {
            "start": { "line": 41, "column": 8 },
            "end": { "line": 43, "column": null }
          },
          { "start": {}, "end": {} }
        ],
        "line": 41
      },
      "7": {
        "loc": {
          "start": { "line": 52, "column": 12 },
          "end": { "line": 54, "column": null }
        },
        "type": "if",
        "locations": [
          {
            "start": { "line": 52, "column": 12 },
            "end": { "line": 54, "column": null }
          },
          { "start": {}, "end": {} }
        ],
        "line": 52
      }
    },
    "s": {
      "0": 6,
      "1": 9,
      "2": 3,
      "3": 9,
      "4": 1,
      "5": 8,
      "6": 8,
      "7": 1,
      "8": 2,
      "9": 3,
      "10": 3,
      "11": 3,
      "12": 1,
      "13": 2,
      "14": 1,
      "15": 1,
      "16": 1,
      "17": 2,
      "18": 2,
      "19": 2,
      "20": 2,
      "21": 3,
      "22": 4,
      "23": 3,
      "24": 0,
      "25": 3,
      "26": 3,
      "27": 1,
      "28": 1,
      "29": 2,
      "30": 2,
      "31": 2,
      "32": 1
    },
    "f": {
      "0": 6,
      "1": 9,
      "2": 3,
      "3": 1,
      "4": 2,
      "5": 3,
      "6": 3,
      "7": 2,
      "8": 2,
      "9": 3,
      "10": 4,
      "11": 1
    },
    "b": {
      "0": [1, 8],
      "1": [1, 0],
      "2": [1, 2],
      "3": [1, 1],
      "4": [2, 1],
      "5": [2, 1],
      "6": [0, 3],
      "7": [2, 0]
    },
    "meta": {
      "lastBranch": 8,
      "lastFunction": 12,
      "lastStatement": 33,
      "seen": {
        "f:2:7:2:13": 0,
        "s:3:4:3:Infinity": 0,
        "f:5:10:5:24": 1,
        "s:6:22:6:Infinity": 1,
        "f:6:46:6:51": 2,
        "s:6:51:6:72": 2,
        "b:7:8:12:Infinity:9:15:12:Infinity": 0,
        "s:7:8:12:Infinity": 3,
        "s:8:12:8:Infinity": 4,
        "s:10:12:10:Infinity": 5,
        "s:11:12:11:Infinity": 6,
        "f:15:10:15:25": 3,
        "s:16:8:16:Infinity": 7,
        "b:16:40:16:91:16:91:16:104": 1,
        "f:16:61:16:66": 4,
        "s:16:66:16:87": 8,
        "f:20:10:20:22": 5,
        "s:21:22:21:Infinity": 9,
        "f:21:46:21:51": 6,
        "s:21:51:21:69": 10,
        "b:22:8:24:Infinity:undefined:undefined:undefined:undefined": 2,
        "s:22:8:24:Infinity": 11,
        "s:23:12:23:Infinity": 12,
        "b:25:8:30:Infinity:28:15:30:Infinity": 3,
        "s:25:8:30:Infinity": 13,
        "b:25:11:25:42:25:42:25:74": 4,
        "s:26:12:26:Infinity": 14,
        "s:27:12:27:Infinity": 15,
        "s:29:12:29:Infinity": 16,
        "f:33:10:33:25": 7,
        "s:34:31:34:Infinity": 17,
        "s:35:24:35:Infinity": 18,
        "f:35:45:35:50": 8,
        "s:35:50:35:143": 19,
        "b:35:50:35:99:35:99:35:143": 5,
        "s:36:8:36:Infinity": 20,
        "f:39:10:39:29": 9,
        "s:40:22:40:Infinity": 21,
        "f:40:46:40:51": 10,
        "s:40:51:40:80": 22,
        "b:41:8:43:Infinity:undefined:undefined:undefined:undefined": 6,
        "s:41:8:43:Infinity": 23,
        "s:42:12:42:Infinity": 24,
        "s:44:8:44:Infinity": 25,
        "s:45:8:45:Infinity": 26,
        "f:48:10:48:26": 11,
        "s:49:43:49:Infinity": 27,
        "s:50:8:55:Infinity": 28,
        "s:51:35:51:Infinity": 29,
        "b:52:12:54:Infinity:undefined:undefined:undefined:undefined": 7,
        "s:52:12:54:Infinity": 30,
        "s:53:16:53:Infinity": 31,
        "s:56:8:56:Infinity": 32
      }
    }
  },
  "/Users/w/Dev/product-management/server/src/service/productsServices/index.ts": {
    "path": "/Users/w/Dev/product-management/server/src/service/productsServices/index.ts",
    "statementMap": {
      "0": {
        "start": { "line": 5, "column": 23 },
        "end": { "line": 5, "column": 63 }
      },
      "1": {
        "start": { "line": 9, "column": 2 },
        "end": { "line": 11, "column": null }
      },
      "2": {
        "start": { "line": 10, "column": 4 },
        "end": { "line": 10, "column": null }
      },
      "3": {
        "start": { "line": 13, "column": 4 },
        "end": { "line": 15, "column": null }
      },
      "4": {
        "start": { "line": 14, "column": 4 },
        "end": { "line": 14, "column": null }
      },
      "5": {
        "start": { "line": 17, "column": 4 },
        "end": { "line": 19, "column": null }
      },
      "6": {
        "start": { "line": 18, "column": 4 },
        "end": { "line": 18, "column": null }
      },
      "7": {
        "start": { "line": 21, "column": 4 },
        "end": { "line": 23, "column": null }
      },
      "8": {
        "start": { "line": 22, "column": 4 },
        "end": { "line": 22, "column": null }
      },
      "9": {
        "start": { "line": 25, "column": 4 },
        "end": { "line": 27, "column": null }
      },
      "10": {
        "start": { "line": 26, "column": 4 },
        "end": { "line": 26, "column": null }
      },
      "11": {
        "start": { "line": 6, "column": 6 },
        "end": { "line": 6, "column": null }
      }
    },
    "fnMap": {
      "0": {
        "name": "(anonymous_0)",
        "decl": {
          "start": { "line": 5, "column": 3 },
          "end": { "line": 5, "column": 23 }
        },
        "loc": {
          "start": { "line": 5, "column": 63 },
          "end": { "line": 7, "column": null }
        },
        "line": 5
      },
      "1": {
        "name": "(anonymous_1)",
        "decl": {
          "start": { "line": 9, "column": 18 },
          "end": { "line": 9, "column": 25 }
        },
        "loc": {
          "start": { "line": 9, "column": 64 },
          "end": { "line": 11, "column": null }
        },
        "line": 9
      },
      "2": {
        "name": "(anonymous_2)",
        "decl": {
          "start": { "line": 13, "column": 18 },
          "end": { "line": 13, "column": 25 }
        },
        "loc": {
          "start": { "line": 13, "column": 65 },
          "end": { "line": 15, "column": null }
        },
        "line": 13
      },
      "3": {
        "name": "(anonymous_3)",
        "decl": {
          "start": { "line": 17, "column": 18 },
          "end": { "line": 17, "column": 25 }
        },
        "loc": {
          "start": { "line": 17, "column": 65 },
          "end": { "line": 19, "column": null }
        },
        "line": 17
      },
      "4": {
        "name": "(anonymous_4)",
        "decl": {
          "start": { "line": 21, "column": 21 },
          "end": { "line": 21, "column": 28 }
        },
        "loc": {
          "start": { "line": 21, "column": 66 },
          "end": { "line": 23, "column": null }
        },
        "line": 21
      },
      "5": {
        "name": "(anonymous_5)",
        "decl": {
          "start": { "line": 25, "column": 22 },
          "end": { "line": 25, "column": 29 }
        },
        "loc": {
          "start": { "line": 25, "column": 100 },
          "end": { "line": 27, "column": null }
        },
        "line": 25
      }
    },
    "branchMap": {},
    "s": {
      "0": 1,
      "1": 1,
      "2": 1,
      "3": 1,
      "4": 1,
      "5": 1,
      "6": 1,
      "7": 1,
      "8": 1,
      "9": 1,
      "10": 1,
      "11": 1
    },
    "f": { "0": 1, "1": 1, "2": 1, "3": 1, "4": 1, "5": 1 },
    "b": {},
    "meta": {
      "lastBranch": 0,
      "lastFunction": 6,
      "lastStatement": 12,
      "seen": {
        "f:5:3:5:23": 0,
        "s:5:23:5:63": 0,
        "s:9:2:11:Infinity": 1,
        "f:9:18:9:25": 1,
        "s:10:4:10:Infinity": 2,
        "s:13:4:15:Infinity": 3,
        "f:13:18:13:25": 2,
        "s:14:4:14:Infinity": 4,
        "s:17:4:19:Infinity": 5,
        "f:17:18:17:25": 3,
        "s:18:4:18:Infinity": 6,
        "s:21:4:23:Infinity": 7,
        "f:21:21:21:28": 4,
        "s:22:4:22:Infinity": 8,
        "s:25:4:27:Infinity": 9,
        "f:25:22:25:29": 5,
        "s:26:4:26:Infinity": 10,
        "s:6:6:6:Infinity": 11
      }
    }
  }
}
